{"C:\\Users\\Phyli\\OneDrive\\Desktop\\week-6-test-debug-assignment-Sihlesnimba\\server\\src\\app.js": {"path":"C:\\Users\\Phyli\\OneDrive\\Desktop\\week-6-test-debug-assignment-Sihlesnimba\\server\\src\\app.js","statementMap":{"0":{"start":{"line":6,"column":12},"end":{"line":6,"column":21}},"1":{"start":{"line":8,"column":0},"end":{"line":8,"column":16}},"2":{"start":{"line":9,"column":0},"end":{"line":9,"column":24}},"3":{"start":{"line":11,"column":0},"end":{"line":11,"column":32}},"4":{"start":{"line":13,"column":0},"end":{"line":15,"column":3}},"5":{"start":{"line":14,"column":2},"end":{"line":14,"column":41}}},"fnMap":{"0":{"name":"(anonymous_0)","decl":{"start":{"line":13,"column":13},"end":{"line":13,"column":14}},"loc":{"start":{"line":13,"column":27},"end":{"line":15,"column":1}},"line":13}},"branchMap":{},"s":{"0":1,"1":1,"2":1,"3":1,"4":1,"5":0},"f":{"0":0},"b":{},"_coverageSchema":"1a1c01bbd47fc00a2c39e90264f33305004495a9","hash":"71df6a6f5a115ef1efea94113fec38bc2a77992b"}
,"C:\\Users\\Phyli\\OneDrive\\Desktop\\week-6-test-debug-assignment-Sihlesnimba\\server\\src\\controllers\\bugController.js": {"path":"C:\\Users\\Phyli\\OneDrive\\Desktop\\week-6-test-debug-assignment-Sihlesnimba\\server\\src\\controllers\\bugController.js","statementMap":{"0":{"start":{"line":4,"column":25},"end":{"line":12,"column":1}},"1":{"start":{"line":4,"column":45},"end":{"line":12,"column":1}},"2":{"start":{"line":5,"column":33},"end":{"line":5,"column":41}},"3":{"start":{"line":6,"column":2},"end":{"line":11,"column":3}},"4":{"start":{"line":7,"column":16},"end":{"line":7,"column":61}},"5":{"start":{"line":8,"column":4},"end":{"line":8,"column":30}},"6":{"start":{"line":10,"column":4},"end":{"line":10,"column":53}},"7":{"start":{"line":13,"column":32},"end":{"line":13,"column":43}},"8":{"start":{"line":16,"column":23},"end":{"line":23,"column":1}},"9":{"start":{"line":17,"column":2},"end":{"line":22,"column":3}},"10":{"start":{"line":18,"column":17},"end":{"line":18,"column":57}},"11":{"start":{"line":19,"column":4},"end":{"line":19,"column":19}},"12":{"start":{"line":21,"column":4},"end":{"line":21,"column":53}},"13":{"start":{"line":25,"column":25},"end":{"line":35,"column":1}},"14":{"start":{"line":26,"column":17},"end":{"line":26,"column":27}},"15":{"start":{"line":27,"column":21},"end":{"line":27,"column":29}},"16":{"start":{"line":28,"column":2},"end":{"line":34,"column":3}},"17":{"start":{"line":29,"column":16},"end":{"line":29,"column":74}},"18":{"start":{"line":30,"column":4},"end":{"line":30,"column":72}},"19":{"start":{"line":30,"column":14},"end":{"line":30,"column":72}},"20":{"start":{"line":31,"column":4},"end":{"line":31,"column":18}},"21":{"start":{"line":33,"column":4},"end":{"line":33,"column":53}},"22":{"start":{"line":37,"column":25},"end":{"line":46,"column":1}},"23":{"start":{"line":38,"column":17},"end":{"line":38,"column":27}},"24":{"start":{"line":39,"column":2},"end":{"line":45,"column":3}},"25":{"start":{"line":40,"column":16},"end":{"line":40,"column":47}},"26":{"start":{"line":41,"column":4},"end":{"line":41,"column":72}},"27":{"start":{"line":41,"column":14},"end":{"line":41,"column":72}},"28":{"start":{"line":42,"column":4},"end":{"line":42,"column":41}},"29":{"start":{"line":44,"column":4},"end":{"line":44,"column":53}}},"fnMap":{"0":{"name":"(anonymous_0)","decl":{"start":{"line":4,"column":25},"end":{"line":4,"column":26}},"loc":{"start":{"line":4,"column":45},"end":{"line":12,"column":1}},"line":4},"1":{"name":"(anonymous_1)","decl":{"start":{"line":4,"column":45},"end":{"line":4,"column":46}},"loc":{"start":{"line":4,"column":65},"end":{"line":12,"column":1}},"line":4},"2":{"name":"(anonymous_2)","decl":{"start":{"line":16,"column":23},"end":{"line":16,"column":24}},"loc":{"start":{"line":16,"column":43},"end":{"line":23,"column":1}},"line":16},"3":{"name":"(anonymous_3)","decl":{"start":{"line":25,"column":25},"end":{"line":25,"column":26}},"loc":{"start":{"line":25,"column":45},"end":{"line":35,"column":1}},"line":25},"4":{"name":"(anonymous_4)","decl":{"start":{"line":37,"column":25},"end":{"line":37,"column":26}},"loc":{"start":{"line":37,"column":45},"end":{"line":46,"column":1}},"line":37}},"branchMap":{"0":{"loc":{"start":{"line":4,"column":26},"end":{"line":4,"column":40}},"type":"default-arg","locations":[{"start":{"line":4,"column":37},"end":{"line":4,"column":40}}],"line":4},"1":{"loc":{"start":{"line":30,"column":4},"end":{"line":30,"column":72}},"type":"if","locations":[{"start":{"line":30,"column":4},"end":{"line":30,"column":72}},{"start":{},"end":{}}],"line":30},"2":{"loc":{"start":{"line":41,"column":4},"end":{"line":41,"column":72}},"type":"if","locations":[{"start":{"line":41,"column":4},"end":{"line":41,"column":72}},{"start":{},"end":{}}],"line":41}},"s":{"0":2,"1":3,"2":2,"3":2,"4":2,"5":2,"6":0,"7":2,"8":2,"9":1,"10":1,"11":1,"12":0,"13":2,"14":1,"15":1,"16":1,"17":1,"18":1,"19":0,"20":1,"21":0,"22":2,"23":1,"24":1,"25":1,"26":1,"27":0,"28":1,"29":0},"f":{"0":3,"1":2,"2":1,"3":1,"4":1},"b":{"0":[2],"1":[0,1],"2":[0,1]},"_coverageSchema":"1a1c01bbd47fc00a2c39e90264f33305004495a9","hash":"8da0e0a6b4596263a37a07d6460fb3062dfd2d08"}
,"C:\\Users\\Phyli\\OneDrive\\Desktop\\week-6-test-debug-assignment-Sihlesnimba\\server\\src\\models\\Bug.js": {"path":"C:\\Users\\Phyli\\OneDrive\\Desktop\\week-6-test-debug-assignment-Sihlesnimba\\server\\src\\models\\Bug.js","statementMap":{"0":{"start":{"line":4,"column":18},"end":{"line":23,"column":1}},"1":{"start":{"line":25,"column":12},"end":{"line":25,"column":44}}},"fnMap":{},"branchMap":{},"s":{"0":2,"1":2},"f":{},"b":{},"_coverageSchema":"1a1c01bbd47fc00a2c39e90264f33305004495a9","hash":"e16a1e799b768075746d9c376f5e444b091118b6"}
,"C:\\Users\\Phyli\\OneDrive\\Desktop\\week-6-test-debug-assignment-Sihlesnimba\\server\\src\\routes\\bugRoutes.js": {"path":"C:\\Users\\Phyli\\OneDrive\\Desktop\\week-6-test-debug-assignment-Sihlesnimba\\server\\src\\routes\\bugRoutes.js","statementMap":{"0":{"start":{"line":4,"column":15},"end":{"line":4,"column":31}},"1":{"start":{"line":6,"column":0},"end":{"line":6,"column":35}},"2":{"start":{"line":7,"column":0},"end":{"line":7,"column":25}},"3":{"start":{"line":8,"column":0},"end":{"line":8,"column":32}},"4":{"start":{"line":9,"column":0},"end":{"line":9,"column":33}}},"fnMap":{},"branchMap":{},"s":{"0":1,"1":1,"2":1,"3":1,"4":1},"f":{},"b":{},"_coverageSchema":"1a1c01bbd47fc00a2c39e90264f33305004495a9","hash":"08c0b1066118675da962ee5de31a7a9fb07febb2"}
}
