TN:
SF:src\app.js
FN:13,(anonymous_0)
FNF:1
FNH:0
FNDA:0,(anonymous_0)
DA:6,1
DA:8,1
DA:9,1
DA:11,1
DA:13,1
DA:14,0
LF:6
LH:5
BRF:0
BRH:0
end_of_record
TN:
SF:src\controllers\bugController.js
FN:4,(anonymous_0)
FN:4,(anonymous_1)
FN:16,(anonymous_2)
FN:25,(anonymous_3)
FN:37,(anonymous_4)
FNF:5
FNH:5
FNDA:3,(anonymous_0)
FNDA:2,(anonymous_1)
FNDA:1,(anonymous_2)
FNDA:1,(anonymous_3)
FNDA:1,(anonymous_4)
DA:4,3
DA:5,2
DA:6,2
DA:7,2
DA:8,2
DA:10,0
DA:13,2
DA:16,2
DA:17,1
DA:18,1
DA:19,1
DA:21,0
DA:25,2
DA:26,1
DA:27,1
DA:28,1
DA:29,1
DA:30,1
DA:31,1
DA:33,0
DA:37,2
DA:38,1
DA:39,1
DA:40,1
DA:41,1
DA:42,1
DA:44,0
LF:27
LH:23
BRDA:4,0,0,2
BRDA:30,1,0,0
BRDA:30,1,1,1
BRDA:41,2,0,0
BRDA:41,2,1,1
BRF:5
BRH:3
end_of_record
TN:
SF:src\models\Bug.js
FNF:0
FNH:0
DA:4,2
DA:25,2
LF:2
LH:2
BRF:0
BRH:0
end_of_record
TN:
SF:src\routes\bugRoutes.js
FNF:0
FNH:0
DA:4,1
DA:6,1
DA:7,1
DA:8,1
DA:9,1
LF:5
LH:5
BRF:0
BRH:0
end_of_record
